
> @capture/extension@0.1.0 build /Users/vysina/my_workspace/my-browser-screen-capture/packages/extension
> vite build

[33mThe CJS build of Vite's Node API is deprecated. See https://vite.dev/guide/troubleshooting.html#vite-cjs-node-api-deprecated for more details.[39m
vite v5.4.21 building for production...
transforming...
✓ 1524 modules transformed.
rendering chunks...
computing gzip size...
dist/service-worker-loader.js                0.05 kB
dist/assets/overlay.ts-loader-Cehhpw7y.js    0.34 kB
dist/icons/icon16.png                        0.38 kB
dist/src/popup/index.html                    0.53 kB │ gzip:   0.30 kB
dist/src/options/index.html                  0.54 kB │ gzip:   0.32 kB
dist/icons/icon32.png                        0.69 kB
dist/icons/icon48.png                        1.07 kB
dist/manifest.json                           1.22 kB │ gzip:   0.51 kB
dist/.vite/manifest.json                     1.68 kB │ gzip:   0.41 kB
dist/icons/icon128.png                       2.82 kB
dist/assets/options-DLBmAjOG.js              0.19 kB │ gzip:   0.17 kB
dist/assets/popup-DgrngESv.js                0.89 kB │ gzip:   0.51 kB
dist/assets/jsx-runtime-BaoRQi3h.js          1.35 kB │ gzip:   0.75 kB
dist/assets/index-BF2-7DWk.js                1.93 kB │ gzip:   0.91 kB
dist/assets/overlay.ts-ZZOUEb2C.js           2.51 kB │ gzip:   1.06 kB
dist/assets/service-worker.ts-C13SwuwL.js    2.78 kB │ gzip:   1.18 kB
dist/assets/index-DU7lGuG5.js              497.25 kB │ gzip: 151.73 kB
✓ built in 951ms
